1518317384277	geckodriver	INFO	geckodriver 0.19.1
1518317384279	geckodriver	INFO	Listening on 127.0.0.1:52512
1518317385358	mozrunner::runner	INFO	Running command: "/usr/bin/firefox" "-marionette" "-profile" "/tmp/rust_mozprofile.6EHe2j9asNyc"
1518317385993	Marionette	INFO	Enabled via --marionette
1518317388153	Marionette	INFO	Listening on port 39336
1518317388169	Marionette	WARN	TLS certificate errors will be ignored for this session
1518317672621	geckodriver	INFO	geckodriver 0.19.1
1518317672623	geckodriver	INFO	Listening on 127.0.0.1:55431
1518317673701	mozrunner::runner	INFO	Running command: "/usr/bin/firefox" "-marionette" "-profile" "/tmp/rust_mozprofile.JbFp89gY97NW"
1518317674526	Marionette	INFO	Enabled via --marionette
1518317676916	Marionette	INFO	Listening on port 45905
1518317677012	Marionette	WARN	TLS certificate errors will be ignored for this session
1518317745553	geckodriver	INFO	geckodriver 0.19.1
1518317745555	geckodriver	INFO	Listening on 127.0.0.1:50805
1518317746635	mozrunner::runner	INFO	Running command: "/usr/bin/firefox" "-marionette" "-profile" "/tmp/rust_mozprofile.VCRxdn5kKTWv"
1518317747256	Marionette	INFO	Enabled via --marionette
1518317749415	Marionette	INFO	Listening on port 43020
1518317749446	Marionette	WARN	TLS certificate errors will be ignored for this session
JavaScript error: https://kolesa.kz/static/frontend/js/main-vendor-20180209092445.js, line 1: TypeError: t is undefined
[Child 26712, Chrome_ChildThread] WARNING: pipe error (45): Соединение разорвано другой стороной: file /build/firefox-GBiM4z/firefox-58.0.2+linuxmint1+sylvia/ipc/chromium/src/chrome/common/ipc_channel_posix.cc, line 353
[Child 26712, Chrome_ChildThread] WARNING: pipe error (22): Соединение разорвано другой стороной: file /build/firefox-GBiM4z/firefox-58.0.2+linuxmint1+sylvia/ipc/chromium/src/chrome/common/ipc_channel_posix.cc, line 353
[Child 26712, Chrome_ChildThread] WARNING: pipe error (34): Соединение разорвано другой стороной: file /build/firefox-GBiM4z/firefox-58.0.2+linuxmint1+sylvia/ipc/chromium/src/chrome/common/ipc_channel_posix.cc, line 353
[Child 26712, Chrome_ChildThread] WARNING: pipe error (3): Соединение разорвано другой стороной: file /build/firefox-GBiM4z/firefox-58.0.2+linuxmint1+sylvia/ipc/chromium/src/chrome/common/ipc_channel_posix.cc, line 353
1518317819496	geckodriver	INFO	geckodriver 0.19.1
1518317819498	geckodriver	INFO	Listening on 127.0.0.1:36669
1518317820611	mozrunner::runner	INFO	Running command: "/usr/bin/firefox" "-marionette" "-profile" "/tmp/rust_mozprofile.NbDomr4aq05N"
1518317821238	Marionette	INFO	Enabled via --marionette
1518317823328	Marionette	INFO	Listening on port 37787
1518317823421	Marionette	WARN	TLS certificate errors will be ignored for this session
[Child 26953, Chrome_ChildThread] WARNING: pipe error (45): Соединение разорвано другой стороной: file /build/firefox-GBiM4z/firefox-58.0.2+linuxmint1+sylvia/ipc/chromium/src/chrome/common/ipc_channel_posix.cc, line 353
[Child 26953, Chrome_ChildThread] WARNING: pipe error (22): Соединение разорвано другой стороной: file /build/firefox-GBiM4z/firefox-58.0.2+linuxmint1+sylvia/ipc/chromium/src/chrome/common/ipc_channel_posix.cc, line 353
[Child 26953, Chrome_ChildThread] WARNING: pipe error (34): Соединение разорвано другой стороной: file /build/firefox-GBiM4z/firefox-58.0.2+linuxmint1+sylvia/ipc/chromium/src/chrome/common/ipc_channel_posix.cc, line 353
[Child 26953, Chrome_ChildThread] WARNING: pipe error (3): Соединение разорвано другой стороной: file /build/firefox-GBiM4z/firefox-58.0.2+linuxmint1+sylvia/ipc/chromium/src/chrome/common/ipc_channel_posix.cc, line 353
1518317954668	geckodriver	INFO	geckodriver 0.19.1
1518317954670	geckodriver	INFO	Listening on 127.0.0.1:58613
1518317955744	mozrunner::runner	INFO	Running command: "/usr/bin/firefox" "-marionette" "-profile" "/tmp/rust_mozprofile.tVhQWhc2kGpE"
1518317956548	Marionette	INFO	Enabled via --marionette
1518317958579	Marionette	INFO	Listening on port 38600
1518317958665	Marionette	WARN	TLS certificate errors will be ignored for this session
1518318023783	geckodriver	INFO	geckodriver 0.19.1
1518318023785	geckodriver	INFO	Listening on 127.0.0.1:47512
1518318024858	mozrunner::runner	INFO	Running command: "/usr/bin/firefox" "-marionette" "-profile" "/tmp/rust_mozprofile.cTR2BVU0O8PX"
1518318025458	Marionette	INFO	Enabled via --marionette
1518318027958	Marionette	INFO	Listening on port 44225
1518318027974	Marionette	WARN	TLS certificate errors will be ignored for this session
1518318198279	geckodriver	INFO	geckodriver 0.19.1
1518318198281	geckodriver	INFO	Listening on 127.0.0.1:57821
1518318199356	mozrunner::runner	INFO	Running command: "/usr/bin/firefox" "-marionette" "-profile" "/tmp/rust_mozprofile.2NxE7wJT27Ml"
1518318199995	Marionette	INFO	Enabled via --marionette
1518318201888	Marionette	INFO	Listening on port 42976
1518318201979	Marionette	WARN	TLS certificate errors will be ignored for this session
1518318258045	geckodriver	INFO	geckodriver 0.19.1
1518318258047	geckodriver	INFO	Listening on 127.0.0.1:55141
1518318259122	mozrunner::runner	INFO	Running command: "/usr/bin/firefox" "-marionette" "-profile" "/tmp/rust_mozprofile.DFbHXhmnuaQj"
1518318259761	Marionette	INFO	Enabled via --marionette
1518318261890	Marionette	INFO	Listening on port 45032
1518318261944	Marionette	WARN	TLS certificate errors will be ignored for this session
JavaScript error: resource:///modules/FormSubmitObserver.jsm, line 218: TypeError: this._mm is null
[Child 28152, Chrome_ChildThread] WARNING: pipe error (45): Соединение разорвано другой стороной: file /build/firefox-GBiM4z/firefox-58.0.2+linuxmint1+sylvia/ipc/chromium/src/chrome/common/ipc_channel_posix.cc, line 353
[Child 28152, Chrome_ChildThread] WARNING: pipe error (20): Соединение разорвано другой стороной: file /build/firefox-GBiM4z/firefox-58.0.2+linuxmint1+sylvia/ipc/chromium/src/chrome/common/ipc_channel_posix.cc, line 353
[Child 28152, Chrome_ChildThread] WARNING: pipe error (34): Соединение разорвано другой стороной: file /build/firefox-GBiM4z/firefox-58.0.2+linuxmint1+sylvia/ipc/chromium/src/chrome/common/ipc_channel_posix.cc, line 353
[Child 28152, Chrome_ChildThread] WARNING: pipe error (3): Соединение разорвано другой стороной: file /build/firefox-GBiM4z/firefox-58.0.2+linuxmint1+sylvia/ipc/chromium/src/chrome/common/ipc_channel_posix.cc, line 353
1518318316124	geckodriver	INFO	geckodriver 0.19.1
1518318316126	geckodriver	INFO	Listening on 127.0.0.1:34177
1518318318425	geckodriver	INFO	geckodriver 0.19.1
1518318318427	geckodriver	INFO	Listening on 127.0.0.1:60967
1518318319502	mozrunner::runner	INFO	Running command: "/usr/bin/firefox" "-marionette" "-profile" "/tmp/rust_mozprofile.lFkwdvuj2iWs"
1518318320126	Marionette	INFO	Enabled via --marionette
1518318322434	Marionette	INFO	Listening on port 39980
1518318322521	Marionette	WARN	TLS certificate errors will be ignored for this session
1518318390579	geckodriver	INFO	geckodriver 0.19.1
1518318390582	geckodriver	INFO	Listening on 127.0.0.1:45366
1518318391660	mozrunner::runner	INFO	Running command: "/usr/bin/firefox" "-marionette" "-profile" "/tmp/rust_mozprofile.Xi8I4DptL8qZ"
1518318392287	Marionette	INFO	Enabled via --marionette
1518318394223	Marionette	INFO	Listening on port 42569
1518318394274	Marionette	WARN	TLS certificate errors will be ignored for this session
1518318561079	geckodriver	INFO	geckodriver 0.19.1
1518318561081	geckodriver	INFO	Listening on 127.0.0.1:48967
1518318562154	mozrunner::runner	INFO	Running command: "/usr/bin/firefox" "-marionette" "-profile" "/tmp/rust_mozprofile.zgkS6UCokERn"
1518318562736	Marionette	INFO	Enabled via --marionette
1518318564706	Marionette	INFO	Listening on port 45556
1518318564766	Marionette	WARN	TLS certificate errors will be ignored for this session
Handler function DebuggerProgressListener.prototype.onStateChange threw an exception: [Exception... "Component returned failure code: 0x80004002 (NS_NOINTERFACE) [nsIWebProgress.DOMWindow]"  nsresult: "0x80004002 (NS_NOINTERFACE)"  location: "JS frame :: resource://devtools/shared/base-loader.js -> resource://devtools/server/actors/tab.js :: _docShellToWindow :: line 782"  data: no]
Stack: _docShellToWindow@resource://devtools/shared/base-loader.js -> resource://devtools/server/actors/tab.js:782:9
_docShellsToWindows/<@resource://devtools/shared/base-loader.js -> resource://devtools/server/actors/tab.js:806:38
_docShellsToWindows@resource://devtools/shared/base-loader.js -> resource://devtools/server/actors/tab.js:806:12
_notifyDocShellsUpdate@resource://devtools/shared/base-loader.js -> resource://devtools/server/actors/tab.js:810:19
DebuggerProgressListener.prototype.onStateChange<@resource://devtools/shared/base-loader.js -> resource://devtools/server/actors/tab.js:1626:7
exports.makeInfallible/<@resource://devtools/shared/base-loader.js -> resource://devtools/shared/ThreadSafeDevToolsUtils.js:109:14
Line: 782, column: 0
console.error: 
  Handler function DebuggerProgressListener.prototype.onStateChange threw an exception: [Exception... "Component returned failure code: 0x80004002 (NS_NOINTERFACE) [nsIWebProgress.DOMWindow]"  nsresult: "0x80004002 (NS_NOINTERFACE)"  location: "JS frame :: resource://devtools/shared/base-loader.js -> resource://devtools/server/actors/tab.js :: _docShellToWindow :: line 782"  data: no]
Stack: _docShellToWindow@resource://devtools/shared/base-loader.js -> resource://devtools/server/actors/tab.js:782:9
_docShellsToWindows/<@resource://devtools/shared/base-loader.js -> resource://devtools/server/actors/tab.js:806:38
_docShellsToWindows@resource://devtools/shared/base-loader.js -> resource://devtools/server/actors/tab.js:806:12
_notifyDocShellsUpdate@resource://devtools/shared/base-loader.js -> resource://devtools/server/actors/tab.js:810:19
DebuggerProgressListener.prototype.onStateChange<@resource://devtools/shared/base-loader.js -> resource://devtools/server/actors/tab.js:1626:7
exports.makeInfallible/<@resource://devtools/shared/base-loader.js -> resource://devtools/shared/ThreadSafeDevToolsUtils.js:109:14
Line: 782, column: 0
Handler function DebuggerProgressListener.prototype.onStateChange threw an exception: [Exception... "Component returned failure code: 0x80004002 (NS_NOINTERFACE) [nsIWebProgress.DOMWindow]"  nsresult: "0x80004002 (NS_NOINTERFACE)"  location: "JS frame :: resource://devtools/shared/base-loader.js -> resource://devtools/server/actors/tab.js :: DebuggerProgressListener.prototype.onStateChange< :: line 1629"  data: no]
Stack: DebuggerProgressListener.prototype.onStateChange<@resource://devtools/shared/base-loader.js -> resource://devtools/server/actors/tab.js:1629:9
exports.makeInfallible/<@resource://devtools/shared/base-loader.js -> resource://devtools/shared/ThreadSafeDevToolsUtils.js:109:14
Line: 1629, column: 0
console.error: 
  Handler function DebuggerProgressListener.prototype.onStateChange threw an exception: [Exception... "Component returned failure code: 0x80004002 (NS_NOINTERFACE) [nsIWebProgress.DOMWindow]"  nsresult: "0x80004002 (NS_NOINTERFACE)"  location: "JS frame :: resource://devtools/shared/base-loader.js -> resource://devtools/server/actors/tab.js :: DebuggerProgressListener.prototype.onStateChange< :: line 1629"  data: no]
Stack: DebuggerProgressListener.prototype.onStateChange<@resource://devtools/shared/base-loader.js -> resource://devtools/server/actors/tab.js:1629:9
exports.makeInfallible/<@resource://devtools/shared/base-loader.js -> resource://devtools/shared/ThreadSafeDevToolsUtils.js:109:14
Line: 1629, column: 0
[Child 28952, Chrome_ChildThread] WARNING: pipe error (3): Соединение разорвано другой стороной: file /build/firefox-GBiM4z/firefox-58.0.2+linuxmint1+sylvia/ipc/chromium/src/chrome/common/ipc_channel_posix.cc, line 353
1518318697012	geckodriver	INFO	geckodriver 0.19.1
1518318697014	geckodriver	INFO	Listening on 127.0.0.1:40223
1518318698092	mozrunner::runner	INFO	Running command: "/usr/bin/firefox" "-marionette" "-profile" "/tmp/rust_mozprofile.V8a5Sn62xns9"
1518318698638	Marionette	INFO	Enabled via --marionette
1518318700504	Marionette	INFO	Listening on port 43223
1518318700601	Marionette	WARN	TLS certificate errors will be ignored for this session
[Child 29238, Chrome_ChildThread] WARNING: pipe error (45): Соединение разорвано другой стороной: file /build/firefox-GBiM4z/firefox-58.0.2+linuxmint1+sylvia/ipc/chromium/src/chrome/common/ipc_channel_posix.cc, line 353
[GFX1-]: Receive IPC close with reason=AbnormalShutdown
[Child 29298, Chrome_ChildThread] WARNING: pipe error (3): Соединение разорвано другой стороной: file /build/firefox-GBiM4z/firefox-58.0.2+linuxmint1+sylvia/ipc/chromium/src/chrome/common/ipc_channel_posix.cc, line 353
[Child 29238, Chrome_ChildThread] WARNING: pipe error (22): Соединение разорвано другой стороной: file /build/firefox-GBiM4z/firefox-58.0.2+linuxmint1+sylvia/ipc/chromium/src/chrome/common/ipc_channel_posix.cc, line 353
[Child 29238, Chrome_ChildThread] WARNING: pipe error (34): Соединение разорвано другой стороной: file /build/firefox-GBiM4z/firefox-58.0.2+linuxmint1+sylvia/ipc/chromium/src/chrome/common/ipc_channel_posix.cc, line 353
[Child 29238, Chrome_ChildThread] WARNING: pipe error (3): Соединение разорвано другой стороной: file /build/firefox-GBiM4z/firefox-58.0.2+linuxmint1+sylvia/ipc/chromium/src/chrome/common/ipc_channel_posix.cc, line 353
1518318784548	geckodriver	INFO	geckodriver 0.19.1
1518318784550	geckodriver	INFO	Listening on 127.0.0.1:56824
1518318785630	mozrunner::runner	INFO	Running command: "/usr/bin/firefox" "-marionette" "-profile" "/tmp/rust_mozprofile.hXW8i5zPDuGO"
1518318786305	Marionette	INFO	Enabled via --marionette
1518318788387	Marionette	INFO	Listening on port 44873
1518318788455	Marionette	WARN	TLS certificate errors will be ignored for this session
[GFX1-]: Receive IPC close with reason=AbnormalShutdown
[Child 29555, Chrome_ChildThread] WARNING: pipe error (3): Соединение разорвано другой стороной: file /build/firefox-GBiM4z/firefox-58.0.2+linuxmint1+sylvia/ipc/chromium/src/chrome/common/ipc_channel_posix.cc, line 353
1518319013487	geckodriver	INFO	geckodriver 0.19.1
1518319013489	geckodriver	INFO	Listening on 127.0.0.1:38451
1518319014598	mozrunner::runner	INFO	Running command: "/usr/bin/firefox" "-marionette" "-profile" "/tmp/rust_mozprofile.R5gHq0bA4v7T"
1518319015304	Marionette	INFO	Enabled via --marionette
1518319017193	Marionette	INFO	Listening on port 46509
1518319017216	Marionette	WARN	TLS certificate errors will be ignored for this session
Handler function DebuggerProgressListener.prototype.onStateChange threw an exception: [Exception... "Component returned failure code: 0x80004002 (NS_NOINTERFACE) [nsIWebProgress.DOMWindow]"  nsresult: "0x80004002 (NS_NOINTERFACE)"  location: "JS frame :: resource://devtools/shared/base-loader.js -> resource://devtools/server/actors/tab.js :: _docShellToWindow :: line 782"  data: no]
Stack: _docShellToWindow@resource://devtools/shared/base-loader.js -> resource://devtools/server/actors/tab.js:782:9
_docShellsToWindows/<@resource://devtools/shared/base-loader.js -> resource://devtools/server/actors/tab.js:806:38
_docShellsToWindows@resource://devtools/shared/base-loader.js -> resource://devtools/server/actors/tab.js:806:12
_notifyDocShellsUpdate@resource://devtools/shared/base-loader.js -> resource://devtools/server/actors/tab.js:810:19
DebuggerProgressListener.prototype.onStateChange<@resource://devtools/shared/base-loader.js -> resource://devtools/server/actors/tab.js:1626:7
exports.makeInfallible/<@resource://devtools/shared/base-loader.js -> resource://devtools/shared/ThreadSafeDevToolsUtils.js:109:14
Line: 782, column: 0
console.error: 
  Handler function DebuggerProgressListener.prototype.onStateChange threw an exception: [Exception... "Component returned failure code: 0x80004002 (NS_NOINTERFACE) [nsIWebProgress.DOMWindow]"  nsresult: "0x80004002 (NS_NOINTERFACE)"  location: "JS frame :: resource://devtools/shared/base-loader.js -> resource://devtools/server/actors/tab.js :: _docShellToWindow :: line 782"  data: no]
Stack: _docShellToWindow@resource://devtools/shared/base-loader.js -> resource://devtools/server/actors/tab.js:782:9
_docShellsToWindows/<@resource://devtools/shared/base-loader.js -> resource://devtools/server/actors/tab.js:806:38
_docShellsToWindows@resource://devtools/shared/base-loader.js -> resource://devtools/server/actors/tab.js:806:12
_notifyDocShellsUpdate@resource://devtools/shared/base-loader.js -> resource://devtools/server/actors/tab.js:810:19
DebuggerProgressListener.prototype.onStateChange<@resource://devtools/shared/base-loader.js -> resource://devtools/server/actors/tab.js:1626:7
exports.makeInfallible/<@resource://devtools/shared/base-loader.js -> resource://devtools/shared/ThreadSafeDevToolsUtils.js:109:14
Line: 782, column: 0
Handler function DebuggerProgressListener.prototype.onStateChange threw an exception: [Exception... "Component returned failure code: 0x80004002 (NS_NOINTERFACE) [nsIWebProgress.DOMWindow]"  nsresult: "0x80004002 (NS_NOINTERFACE)"  location: "JS frame :: resource://devtools/shared/base-loader.js -> resource://devtools/server/actors/tab.js :: DebuggerProgressListener.prototype.onStateChange< :: line 1629"  data: no]
Stack: DebuggerProgressListener.prototype.onStateChange<@resource://devtools/shared/base-loader.js -> resource://devtools/server/actors/tab.js:1629:9
exports.makeInfallible/<@resource://devtools/shared/base-loader.js -> resource://devtools/shared/ThreadSafeDevToolsUtils.js:109:14
Line: 1629, column: 0
console.error: 
  Handler function DebuggerProgressListener.prototype.onStateChange threw an exception: [Exception... "Component returned failure code: 0x80004002 (NS_NOINTERFACE) [nsIWebProgress.DOMWindow]"  nsresult: "0x80004002 (NS_NOINTERFACE)"  location: "JS frame :: resource://devtools/shared/base-loader.js -> resource://devtools/server/actors/tab.js :: DebuggerProgressListener.prototype.onStateChange< :: line 1629"  data: no]
Stack: DebuggerProgressListener.prototype.onStateChange<@resource://devtools/shared/base-loader.js -> resource://devtools/server/actors/tab.js:1629:9
exports.makeInfallible/<@resource://devtools/shared/base-loader.js -> resource://devtools/shared/ThreadSafeDevToolsUtils.js:109:14
Line: 1629, column: 0
JavaScript error: resource://devtools/shared/base-loader.js -> resource://devtools/shared/layout/utils.js, line 42: NS_NOINTERFACE: 
[GFX1-]: Receive IPC close with reason=AbnormalShutdown
[Child 29931, Chrome_ChildThread] WARNING: pipe error (3): Соединение разорвано другой стороной: file /build/firefox-GBiM4z/firefox-58.0.2+linuxmint1+sylvia/ipc/chromium/src/chrome/common/ipc_channel_posix.cc, line 353
[Child 29873, Chrome_ChildThread] WARNING: pipe error (22): Соединение разорвано другой стороной: file /build/firefox-GBiM4z/firefox-58.0.2+linuxmint1+sylvia/ipc/chromium/src/chrome/common/ipc_channel_posix.cc, line 353
[Child 29873, Chrome_ChildThread] WARNING: pipe error (3): Соединение разорвано другой стороной: file /build/firefox-GBiM4z/firefox-58.0.2+linuxmint1+sylvia/ipc/chromium/src/chrome/common/ipc_channel_posix.cc, line 353
1518319921424	geckodriver	INFO	geckodriver 0.19.1
1518319921426	geckodriver	INFO	Listening on 127.0.0.1:47535
1518319922535	mozrunner::runner	INFO	Running command: "/usr/bin/firefox" "-marionette" "-profile" "/tmp/rust_mozprofile.yNSeaikx6rOz"
1518319923240	Marionette	INFO	Enabled via --marionette
1518319925310	Marionette	INFO	Listening on port 46506
1518319925348	Marionette	WARN	TLS certificate errors will be ignored for this session
Handler function DebuggerProgressListener.prototype.onStateChange threw an exception: [Exception... "Component returned failure code: 0x80004002 (NS_NOINTERFACE) [nsIWebProgress.DOMWindow]"  nsresult: "0x80004002 (NS_NOINTERFACE)"  location: "JS frame :: resource://devtools/shared/base-loader.js -> resource://devtools/server/actors/tab.js :: _docShellToWindow :: line 782"  data: no]
Stack: _docShellToWindow@resource://devtools/shared/base-loader.js -> resource://devtools/server/actors/tab.js:782:9
_docShellsToWindows/<@resource://devtools/shared/base-loader.js -> resource://devtools/server/actors/tab.js:806:38
_docShellsToWindows@resource://devtools/shared/base-loader.js -> resource://devtools/server/actors/tab.js:806:12
_notifyDocShellsUpdate@resource://devtools/shared/base-loader.js -> resource://devtools/server/actors/tab.js:810:19
DebuggerProgressListener.prototype.onStateChange<@resource://devtools/shared/base-loader.js -> resource://devtools/server/actors/tab.js:1626:7
exports.makeInfallible/<@resource://devtools/shared/base-loader.js -> resource://devtools/shared/ThreadSafeDevToolsUtils.js:109:14
Line: 782, column: 0
console.error: 
  Handler function DebuggerProgressListener.prototype.onStateChange threw an exception: [Exception... "Component returned failure code: 0x80004002 (NS_NOINTERFACE) [nsIWebProgress.DOMWindow]"  nsresult: "0x80004002 (NS_NOINTERFACE)"  location: "JS frame :: resource://devtools/shared/base-loader.js -> resource://devtools/server/actors/tab.js :: _docShellToWindow :: line 782"  data: no]
Stack: _docShellToWindow@resource://devtools/shared/base-loader.js -> resource://devtools/server/actors/tab.js:782:9
_docShellsToWindows/<@resource://devtools/shared/base-loader.js -> resource://devtools/server/actors/tab.js:806:38
_docShellsToWindows@resource://devtools/shared/base-loader.js -> resource://devtools/server/actors/tab.js:806:12
_notifyDocShellsUpdate@resource://devtools/shared/base-loader.js -> resource://devtools/server/actors/tab.js:810:19
DebuggerProgressListener.prototype.onStateChange<@resource://devtools/shared/base-loader.js -> resource://devtools/server/actors/tab.js:1626:7
exports.makeInfallible/<@resource://devtools/shared/base-loader.js -> resource://devtools/shared/ThreadSafeDevToolsUtils.js:109:14
Line: 782, column: 0
Handler function DebuggerProgressListener.prototype.onStateChange threw an exception: [Exception... "Component returned failure code: 0x80004002 (NS_NOINTERFACE) [nsIWebProgress.DOMWindow]"  nsresult: "0x80004002 (NS_NOINTERFACE)"  location: "JS frame :: resource://devtools/shared/base-loader.js -> resource://devtools/server/actors/tab.js :: DebuggerProgressListener.prototype.onStateChange< :: line 1629"  data: no]
Stack: DebuggerProgressListener.prototype.onStateChange<@resource://devtools/shared/base-loader.js -> resource://devtools/server/actors/tab.js:1629:9
exports.makeInfallible/<@resource://devtools/shared/base-loader.js -> resource://devtools/shared/ThreadSafeDevToolsUtils.js:109:14
Line: 1629, column: 0
console.error: 
  Handler function DebuggerProgressListener.prototype.onStateChange threw an exception: [Exception... "Component returned failure code: 0x80004002 (NS_NOINTERFACE) [nsIWebProgress.DOMWindow]"  nsresult: "0x80004002 (NS_NOINTERFACE)"  location: "JS frame :: resource://devtools/shared/base-loader.js -> resource://devtools/server/actors/tab.js :: DebuggerProgressListener.prototype.onStateChange< :: line 1629"  data: no]
Stack: DebuggerProgressListener.prototype.onStateChange<@resource://devtools/shared/base-loader.js -> resource://devtools/server/actors/tab.js:1629:9
exports.makeInfallible/<@resource://devtools/shared/base-loader.js -> resource://devtools/shared/ThreadSafeDevToolsUtils.js:109:14
Line: 1629, column: 0
JavaScript error: resource://devtools/shared/base-loader.js -> resource://devtools/shared/layout/utils.js, line 42: NS_NOINTERFACE: 
Handler function DebuggerProgressListener.prototype.onStateChange threw an exception: [Exception... "Component returned failure code: 0x80004002 (NS_NOINTERFACE) [nsIWebProgress.DOMWindow]"  nsresult: "0x80004002 (NS_NOINTERFACE)"  location: "JS frame :: resource://devtools/shared/base-loader.js -> resource://devtools/server/actors/tab.js :: _docShellToWindow :: line 782"  data: no]
Stack: _docShellToWindow@resource://devtools/shared/base-loader.js -> resource://devtools/server/actors/tab.js:782:9
_docShellsToWindows/<@resource://devtools/shared/base-loader.js -> resource://devtools/server/actors/tab.js:806:38
_docShellsToWindows@resource://devtools/shared/base-loader.js -> resource://devtools/server/actors/tab.js:806:12
_notifyDocShellsUpdate@resource://devtools/shared/base-loader.js -> resource://devtools/server/actors/tab.js:810:19
DebuggerProgressListener.prototype.onStateChange<@resource://devtools/shared/base-loader.js -> resource://devtools/server/actors/tab.js:1626:7
exports.makeInfallible/<@resource://devtools/shared/base-loader.js -> resource://devtools/shared/ThreadSafeDevToolsUtils.js:109:14
Line: 782, column: 0
console.error: 
  Handler function DebuggerProgressListener.prototype.onStateChange threw an exception: [Exception... "Component returned failure code: 0x80004002 (NS_NOINTERFACE) [nsIWebProgress.DOMWindow]"  nsresult: "0x80004002 (NS_NOINTERFACE)"  location: "JS frame :: resource://devtools/shared/base-loader.js -> resource://devtools/server/actors/tab.js :: _docShellToWindow :: line 782"  data: no]
Stack: _docShellToWindow@resource://devtools/shared/base-loader.js -> resource://devtools/server/actors/tab.js:782:9
_docShellsToWindows/<@resource://devtools/shared/base-loader.js -> resource://devtools/server/actors/tab.js:806:38
_docShellsToWindows@resource://devtools/shared/base-loader.js -> resource://devtools/server/actors/tab.js:806:12
_notifyDocShellsUpdate@resource://devtools/shared/base-loader.js -> resource://devtools/server/actors/tab.js:810:19
DebuggerProgressListener.prototype.onStateChange<@resource://devtools/shared/base-loader.js -> resource://devtools/server/actors/tab.js:1626:7
exports.makeInfallible/<@resource://devtools/shared/base-loader.js -> resource://devtools/shared/ThreadSafeDevToolsUtils.js:109:14
Line: 782, column: 0
Handler function DebuggerProgressListener.prototype.onStateChange threw an exception: [Exception... "Component returned failure code: 0x80004002 (NS_NOINTERFACE) [nsIWebProgress.DOMWindow]"  nsresult: "0x80004002 (NS_NOINTERFACE)"  location: "JS frame :: resource://devtools/shared/base-loader.js -> resource://devtools/server/actors/tab.js :: DebuggerProgressListener.prototype.onStateChange< :: line 1629"  data: no]
Stack: DebuggerProgressListener.prototype.onStateChange<@resource://devtools/shared/base-loader.js -> resource://devtools/server/actors/tab.js:1629:9
exports.makeInfallible/<@resource://devtools/shared/base-loader.js -> resource://devtools/shared/ThreadSafeDevToolsUtils.js:109:14
Line: 1629, column: 0
console.error: 
  Handler function DebuggerProgressListener.prototype.onStateChange threw an exception: [Exception... "Component returned failure code: 0x80004002 (NS_NOINTERFACE) [nsIWebProgress.DOMWindow]"  nsresult: "0x80004002 (NS_NOINTERFACE)"  location: "JS frame :: resource://devtools/shared/base-loader.js -> resource://devtools/server/actors/tab.js :: DebuggerProgressListener.prototype.onStateChange< :: line 1629"  data: no]
Stack: DebuggerProgressListener.prototype.onStateChange<@resource://devtools/shared/base-loader.js -> resource://devtools/server/actors/tab.js:1629:9
exports.makeInfallible/<@resource://devtools/shared/base-loader.js -> resource://devtools/shared/ThreadSafeDevToolsUtils.js:109:14
Line: 1629, column: 0
JavaScript error: resource://devtools/shared/base-loader.js -> resource://devtools/shared/layout/utils.js, line 42: NS_NOINTERFACE: 
1518320949590	geckodriver	INFO	geckodriver 0.19.1
1518320949592	geckodriver	INFO	Listening on 127.0.0.1:39458
1518320950703	mozrunner::runner	INFO	Running command: "/usr/bin/firefox" "-marionette" "-profile" "/tmp/rust_mozprofile.k8jIGbStbQ3J"
1518320951343	Marionette	INFO	Enabled via --marionette
1518320953525	Marionette	INFO	Listening on port 46431
1518320953618	Marionette	WARN	TLS certificate errors will be ignored for this session
[GFX1-]: Receive IPC close with reason=AbnormalShutdown
[Child 32421, Chrome_ChildThread] WARNING: pipe error (3): Соединение разорвано другой стороной: file /build/firefox-GBiM4z/firefox-58.0.2+linuxmint1+sylvia/ipc/chromium/src/chrome/common/ipc_channel_posix.cc, line 353
1518323107645	geckodriver	INFO	geckodriver 0.19.1
1518323107647	geckodriver	INFO	Listening on 127.0.0.1:53431
1518323108721	mozrunner::runner	INFO	Running command: "/usr/bin/firefox" "-marionette" "-profile" "/tmp/rust_mozprofile.9hypm7zR3MIQ"
1518323109330	Marionette	INFO	Enabled via --marionette
1518323111636	Marionette	INFO	Listening on port 43186
1518323111729	Marionette	WARN	TLS certificate errors will be ignored for this session
[Child 1382, Chrome_ChildThread] WARNING: pipe error (45): Соединение разорвано другой стороной: file /build/firefox-GBiM4z/firefox-58.0.2+linuxmint1+sylvia/ipc/chromium/src/chrome/common/ipc_channel_posix.cc, line 353
[Child 1382, Chrome_ChildThread] WARNING: pipe error (22): Соединение разорвано другой стороной: file /build/firefox-GBiM4z/firefox-58.0.2+linuxmint1+sylvia/ipc/chromium/src/chrome/common/ipc_channel_posix.cc, line 353
[Child 1382, Chrome_ChildThread] WARNING: pipe error (34): Соединение разорвано другой стороной: file /build/firefox-GBiM4z/firefox-58.0.2+linuxmint1+sylvia/ipc/chromium/src/chrome/common/ipc_channel_posix.cc, line 353
[Child 1382, Chrome_ChildThread] WARNING: pipe error (3): Соединение разорвано другой стороной: file /build/firefox-GBiM4z/firefox-58.0.2+linuxmint1+sylvia/ipc/chromium/src/chrome/common/ipc_channel_posix.cc, line 353
1518323238596	geckodriver	INFO	geckodriver 0.19.1
1518323238598	geckodriver	INFO	Listening on 127.0.0.1:46632
1518323239671	mozrunner::runner	INFO	Running command: "/usr/bin/firefox" "-marionette" "-profile" "/tmp/rust_mozprofile.pz7X5r4sTfmL"
1518323240268	Marionette	INFO	Enabled via --marionette
1518323242237	Marionette	INFO	Listening on port 42532
1518323242279	Marionette	WARN	TLS certificate errors will be ignored for this session
[Child 1674, Chrome_ChildThread] WARNING: pipe error (45): Соединение разорвано другой стороной: file /build/firefox-GBiM4z/firefox-58.0.2+linuxmint1+sylvia/ipc/chromium/src/chrome/common/ipc_channel_posix.cc, line 353
[Child 1674, Chrome_ChildThread] WARNING: pipe error (34): Соединение разорвано другой стороной: file /build/firefox-GBiM4z/firefox-58.0.2+linuxmint1+sylvia/ipc/chromium/src/chrome/common/ipc_channel_posix.cc, line 353
[GFX1-]: Receive IPC close with reason=AbnormalShutdown
[Child 1674, Chrome_ChildThread] WARNING: pipe error (18): Соединение разорвано другой стороной: file /build/firefox-GBiM4z/firefox-58.0.2+linuxmint1+sylvia/ipc/chromium/src/chrome/common/ipc_channel_posix.cc, line 353
[Child 1674, Chrome_ChildThread] WARNING: pipe error (3): Соединение разорвано другой стороной: file /build/firefox-GBiM4z/firefox-58.0.2+linuxmint1+sylvia/ipc/chromium/src/chrome/common/ipc_channel_posix.cc, line 353
[Child 1745, Chrome_ChildThread] WARNING: pipe error (3): Соединение разорвано другой стороной: file /build/firefox-GBiM4z/firefox-58.0.2+linuxmint1+sylvia/ipc/chromium/src/chrome/common/ipc_channel_posix.cc, line 353
1518324989813	geckodriver	INFO	geckodriver 0.19.1
1518324989815	geckodriver	INFO	Listening on 127.0.0.1:34579
1518324990926	mozrunner::runner	INFO	Running command: "/usr/bin/firefox" "-marionette" "-profile" "/tmp/rust_mozprofile.sDUfaWs44hwD"
1518324991673	Marionette	INFO	Enabled via --marionette
1518324993739	Marionette	INFO	Listening on port 37267
1518324993843	Marionette	WARN	TLS certificate errors will be ignored for this session
[GFX1-]: Receive IPC close with reason=AbnormalShutdown
[Child 3165, Chrome_ChildThread] WARNING: pipe error (3): Соединение разорвано другой стороной: file /build/firefox-GBiM4z/firefox-58.0.2+linuxmint1+sylvia/ipc/chromium/src/chrome/common/ipc_channel_posix.cc, line 353
1518325729080	geckodriver	INFO	geckodriver 0.19.1
1518325729082	geckodriver	INFO	Listening on 127.0.0.1:48576
1518325730187	mozrunner::runner	INFO	Running command: "/usr/bin/firefox" "-marionette" "-profile" "/tmp/rust_mozprofile.s0cbS1ndatii"
1518325730855	Marionette	INFO	Enabled via --marionette
1518325732643	Marionette	INFO	Listening on port 42575
1518325732695	Marionette	WARN	TLS certificate errors will be ignored for this session
1518325732767	addons.xpi	WARN	Exception running bootstrap method shutdown on activity-stream@mozilla.org: [Exception... "Component returned failure code: 0x80004005 (NS_ERROR_FAILURE) [nsIObserverService.removeObserver]"  nsresult: "0x80004005 (NS_ERROR_FAILURE)"  location: "JS frame :: resource://activity-stream/lib/SnippetsFeed.jsm :: uninit :: line 125"  data: no] Stack trace: uninit()@resource://activity-stream/lib/SnippetsFeed.jsm:125 < onAction()@resource://activity-stream/lib/SnippetsFeed.jsm:141 < _middleware/</<()@resource://activity-stream/lib/Store.jsm:51 < Store/this[method]()@resource://activity-stream/lib/Store.jsm:30 < uninit()@resource://activity-stream/lib/Store.jsm:153 < uninit()@resource://activity-stream/lib/ActivityStream.jsm:278 < uninit()@resource://gre/modules/addons/XPIProvider.jsm -> jar:file:///usr/lib/firefox/browser/features/activity-stream@mozilla.org.xpi!/bootstrap.js:80 < shutdown()@resource://gre/modules/addons/XPIProvider.jsm -> jar:file:///usr/lib/firefox/browser/features/activity-stream@mozilla.org.xpi!/bootstrap.js:196 < callBootstrapMethod()@resource://gre/modules/addons/XPIProvider.jsm:4406 < observe()@resource://gre/modules/addons/XPIProvider.jsm:2270 < GeckoDriver.prototype.quit()@driver.js:3381 < despatch()@server.js:560 < execute()@server.js:534 < onPacket/<()@server.js:509 < onPacket()@server.js:508 < _onJSONObjectReady/<()@transport.js:500
[Child 3688, Chrome_ChildThread] WARNING: pipe error (22): Соединение разорвано другой стороной: file /build/firefox-GBiM4z/firefox-58.0.2+linuxmint1+sylvia/ipc/chromium/src/chrome/common/ipc_channel_posix.cc, line 353
[Child 3688, Chrome_ChildThread] WARNING: pipe error (34): Соединение разорвано другой стороной: file /build/firefox-GBiM4z/firefox-58.0.2+linuxmint1+sylvia/ipc/chromium/src/chrome/common/ipc_channel_posix.cc, line 353
[Child 3688, Chrome_ChildThread] WARNING: pipe error (3): Соединение разорвано другой стороной: file /build/firefox-GBiM4z/firefox-58.0.2+linuxmint1+sylvia/ipc/chromium/src/chrome/common/ipc_channel_posix.cc, line 353
1518326386893	geckodriver	INFO	geckodriver 0.19.1
1518326386895	geckodriver	INFO	Listening on 127.0.0.1:45978
1518326388002	mozrunner::runner	INFO	Running command: "/usr/bin/firefox" "-marionette" "-profile" "/tmp/rust_mozprofile.oOdn4wxQUjwO"
1518326388569	Marionette	INFO	Enabled via --marionette
1518326390523	Marionette	INFO	Listening on port 42960
1518326390633	Marionette	WARN	TLS certificate errors will be ignored for this session
1518326392112	addons.xpi	WARN	Exception running bootstrap method shutdown on activity-stream@mozilla.org: [Exception... "Component returned failure code: 0x80004005 (NS_ERROR_FAILURE) [nsIObserverService.removeObserver]"  nsresult: "0x80004005 (NS_ERROR_FAILURE)"  location: "JS frame :: resource://activity-stream/lib/SnippetsFeed.jsm :: uninit :: line 125"  data: no] Stack trace: uninit()@resource://activity-stream/lib/SnippetsFeed.jsm:125 < onAction()@resource://activity-stream/lib/SnippetsFeed.jsm:141 < _middleware/</<()@resource://activity-stream/lib/Store.jsm:51 < Store/this[method]()@resource://activity-stream/lib/Store.jsm:30 < uninit()@resource://activity-stream/lib/Store.jsm:153 < uninit()@resource://activity-stream/lib/ActivityStream.jsm:278 < uninit()@resource://gre/modules/addons/XPIProvider.jsm -> jar:file:///usr/lib/firefox/browser/features/activity-stream@mozilla.org.xpi!/bootstrap.js:80 < shutdown()@resource://gre/modules/addons/XPIProvider.jsm -> jar:file:///usr/lib/firefox/browser/features/activity-stream@mozilla.org.xpi!/bootstrap.js:196 < callBootstrapMethod()@resource://gre/modules/addons/XPIProvider.jsm:4406 < observe()@resource://gre/modules/addons/XPIProvider.jsm:2270 < GeckoDriver.prototype.quit()@driver.js:3381 < despatch()@server.js:560 < execute()@server.js:534 < onPacket/<()@server.js:509 < onPacket()@server.js:508 < _onJSONObjectReady/<()@transport.js:500
[GFX1-]: Receive IPC close with reason=AbnormalShutdown
[Child 4197, Chrome_ChildThread] WARNING: pipe error (3): Соединение разорвано другой стороной: file /build/firefox-GBiM4z/firefox-58.0.2+linuxmint1+sylvia/ipc/chromium/src/chrome/common/ipc_channel_posix.cc, line 353
[Child 4139, Chrome_ChildThread] WARNING: pipe error (22): Соединение разорвано другой стороной: file /build/firefox-GBiM4z/firefox-58.0.2+linuxmint1+sylvia/ipc/chromium/src/chrome/common/ipc_channel_posix.cc, line 353
[Child 4139, Chrome_ChildThread] WARNING: pipe error (34): Соединение разорвано другой стороной: file /build/firefox-GBiM4z/firefox-58.0.2+linuxmint1+sylvia/ipc/chromium/src/chrome/common/ipc_channel_posix.cc, line 353
[Child 4139, Chrome_ChildThread] WARNING: pipe error (3): Соединение разорвано другой стороной: file /build/firefox-GBiM4z/firefox-58.0.2+linuxmint1+sylvia/ipc/chromium/src/chrome/common/ipc_channel_posix.cc, line 353
1518326404495	geckodriver	INFO	geckodriver 0.19.1
1518326404497	geckodriver	INFO	Listening on 127.0.0.1:55744
1518326405593	mozrunner::runner	INFO	Running command: "/usr/bin/firefox" "-marionette" "-profile" "/tmp/rust_mozprofile.xwv5ITvnV2hO"
1518326406208	Marionette	INFO	Enabled via --marionette
1518326408202	Marionette	INFO	Listening on port 39531
1518326408309	Marionette	WARN	TLS certificate errors will be ignored for this session
1518326409608	addons.xpi	WARN	Exception running bootstrap method shutdown on activity-stream@mozilla.org: [Exception... "Component returned failure code: 0x80004005 (NS_ERROR_FAILURE) [nsIObserverService.removeObserver]"  nsresult: "0x80004005 (NS_ERROR_FAILURE)"  location: "JS frame :: resource://activity-stream/lib/SnippetsFeed.jsm :: uninit :: line 125"  data: no] Stack trace: uninit()@resource://activity-stream/lib/SnippetsFeed.jsm:125 < onAction()@resource://activity-stream/lib/SnippetsFeed.jsm:141 < _middleware/</<()@resource://activity-stream/lib/Store.jsm:51 < Store/this[method]()@resource://activity-stream/lib/Store.jsm:30 < uninit()@resource://activity-stream/lib/Store.jsm:153 < uninit()@resource://activity-stream/lib/ActivityStream.jsm:278 < uninit()@resource://gre/modules/addons/XPIProvider.jsm -> jar:file:///usr/lib/firefox/browser/features/activity-stream@mozilla.org.xpi!/bootstrap.js:80 < shutdown()@resource://gre/modules/addons/XPIProvider.jsm -> jar:file:///usr/lib/firefox/browser/features/activity-stream@mozilla.org.xpi!/bootstrap.js:196 < callBootstrapMethod()@resource://gre/modules/addons/XPIProvider.jsm:4406 < observe()@resource://gre/modules/addons/XPIProvider.jsm:2270 < GeckoDriver.prototype.quit()@driver.js:3381 < despatch()@server.js:560 < execute()@server.js:534 < onPacket/<()@server.js:509 < onPacket()@server.js:508 < _onJSONObjectReady/<()@transport.js:500
[GFX1-]: Receive IPC close with reason=AbnormalShutdown
[Child 4401, Chrome_ChildThread] WARNING: pipe error (3): Соединение разорвано другой стороной: file /build/firefox-GBiM4z/firefox-58.0.2+linuxmint1+sylvia/ipc/chromium/src/chrome/common/ipc_channel_posix.cc, line 353
[Child 4342, Chrome_ChildThread] WARNING: pipe error (22): Соединение разорвано другой стороной: file /build/firefox-GBiM4z/firefox-58.0.2+linuxmint1+sylvia/ipc/chromium/src/chrome/common/ipc_channel_posix.cc, line 353
[Child 4342, Chrome_ChildThread] WARNING: pipe error (3): Соединение разорвано другой стороной: file /build/firefox-GBiM4z/firefox-58.0.2+linuxmint1+sylvia/ipc/chromium/src/chrome/common/ipc_channel_posix.cc, line 353
1518326433121	geckodriver	INFO	geckodriver 0.19.1
1518326433123	geckodriver	INFO	Listening on 127.0.0.1:59072
1518326434229	mozrunner::runner	INFO	Running command: "/usr/bin/firefox" "-marionette" "-profile" "/tmp/rust_mozprofile.cgWKdYe1UauR"
1518326434839	Marionette	INFO	Enabled via --marionette
1518326436845	Marionette	INFO	Listening on port 36434
1518326436947	Marionette	WARN	TLS certificate errors will be ignored for this session
1518326438279	addons.xpi	WARN	Exception running bootstrap method shutdown on activity-stream@mozilla.org: [Exception... "Component returned failure code: 0x80004005 (NS_ERROR_FAILURE) [nsIObserverService.removeObserver]"  nsresult: "0x80004005 (NS_ERROR_FAILURE)"  location: "JS frame :: resource://activity-stream/lib/SnippetsFeed.jsm :: uninit :: line 125"  data: no] Stack trace: uninit()@resource://activity-stream/lib/SnippetsFeed.jsm:125 < onAction()@resource://activity-stream/lib/SnippetsFeed.jsm:141 < _middleware/</<()@resource://activity-stream/lib/Store.jsm:51 < Store/this[method]()@resource://activity-stream/lib/Store.jsm:30 < uninit()@resource://activity-stream/lib/Store.jsm:153 < uninit()@resource://activity-stream/lib/ActivityStream.jsm:278 < uninit()@resource://gre/modules/addons/XPIProvider.jsm -> jar:file:///usr/lib/firefox/browser/features/activity-stream@mozilla.org.xpi!/bootstrap.js:80 < shutdown()@resource://gre/modules/addons/XPIProvider.jsm -> jar:file:///usr/lib/firefox/browser/features/activity-stream@mozilla.org.xpi!/bootstrap.js:196 < callBootstrapMethod()@resource://gre/modules/addons/XPIProvider.jsm:4406 < observe()@resource://gre/modules/addons/XPIProvider.jsm:2270 < GeckoDriver.prototype.quit()@driver.js:3381 < despatch()@server.js:560 < execute()@server.js:534 < onPacket/<()@server.js:509 < onPacket()@server.js:508 < _onJSONObjectReady/<()@transport.js:500
[Child 4539, Chrome_ChildThread] WARNING: pipe error (20): Соединение разорвано другой стороной: file /build/firefox-GBiM4z/firefox-58.0.2+linuxmint1+sylvia/ipc/chromium/src/chrome/common/ipc_channel_posix.cc, line 353
[Child 4539, Chrome_ChildThread] WARNING: pipe error (34): Соединение разорвано другой стороной: file /build/firefox-GBiM4z/firefox-58.0.2+linuxmint1+sylvia/ipc/chromium/src/chrome/common/ipc_channel_posix.cc, line 353
[Child 4539, Chrome_ChildThread] WARNING: pipe error (3): Соединение разорвано другой стороной: file /build/firefox-GBiM4z/firefox-58.0.2+linuxmint1+sylvia/ipc/chromium/src/chrome/common/ipc_channel_posix.cc, line 353
1518326452594	geckodriver	INFO	geckodriver 0.19.1
1518326452596	geckodriver	INFO	Listening on 127.0.0.1:57857
1518326453704	mozrunner::runner	INFO	Running command: "/usr/bin/firefox" "-marionette" "-profile" "/tmp/rust_mozprofile.q0ksGJDL5kTu"
1518326454389	Marionette	INFO	Enabled via --marionette
1518326456523	Marionette	INFO	Listening on port 36671
1518326456616	Marionette	WARN	TLS certificate errors will be ignored for this session
1518326458125	addons.xpi	WARN	Exception running bootstrap method shutdown on activity-stream@mozilla.org: [Exception... "Component returned failure code: 0x80004005 (NS_ERROR_FAILURE) [nsIObserverService.removeObserver]"  nsresult: "0x80004005 (NS_ERROR_FAILURE)"  location: "JS frame :: resource://activity-stream/lib/SnippetsFeed.jsm :: uninit :: line 125"  data: no] Stack trace: uninit()@resource://activity-stream/lib/SnippetsFeed.jsm:125 < onAction()@resource://activity-stream/lib/SnippetsFeed.jsm:141 < _middleware/</<()@resource://activity-stream/lib/Store.jsm:51 < Store/this[method]()@resource://activity-stream/lib/Store.jsm:30 < uninit()@resource://activity-stream/lib/Store.jsm:153 < uninit()@resource://activity-stream/lib/ActivityStream.jsm:278 < uninit()@resource://gre/modules/addons/XPIProvider.jsm -> jar:file:///usr/lib/firefox/browser/features/activity-stream@mozilla.org.xpi!/bootstrap.js:80 < shutdown()@resource://gre/modules/addons/XPIProvider.jsm -> jar:file:///usr/lib/firefox/browser/features/activity-stream@mozilla.org.xpi!/bootstrap.js:196 < callBootstrapMethod()@resource://gre/modules/addons/XPIProvider.jsm:4406 < observe()@resource://gre/modules/addons/XPIProvider.jsm:2270 < GeckoDriver.prototype.quit()@driver.js:3381 < despatch()@server.js:560 < execute()@server.js:534 < onPacket/<()@server.js:509 < onPacket()@server.js:508 < _onJSONObjectReady/<()@transport.js:500
[GFX1-]: Receive IPC close with reason=AbnormalShutdown
[Child 4790, Chrome_ChildThread] WARNING: pipe error (3): Соединение разорвано другой стороной: file /build/firefox-GBiM4z/firefox-58.0.2+linuxmint1+sylvia/ipc/chromium/src/chrome/common/ipc_channel_posix.cc, line 353
[Child 4731, Chrome_ChildThread] WARNING: pipe error (21): Соединение разорвано другой стороной: file /build/firefox-GBiM4z/firefox-58.0.2+linuxmint1+sylvia/ipc/chromium/src/chrome/common/ipc_channel_posix.cc, line 353
[Child 4731, Chrome_ChildThread] WARNING: pipe error (34): Соединение разорвано другой стороной: file /build/firefox-GBiM4z/firefox-58.0.2+linuxmint1+sylvia/ipc/chromium/src/chrome/common/ipc_channel_posix.cc, line 353
[Child 4731, Chrome_ChildThread] WARNING: pipe error (3): Соединение разорвано другой стороной: file /build/firefox-GBiM4z/firefox-58.0.2+linuxmint1+sylvia/ipc/chromium/src/chrome/common/ipc_channel_posix.cc, line 353
1518326469382	geckodriver	INFO	geckodriver 0.19.1
1518326469384	geckodriver	INFO	Listening on 127.0.0.1:52927
1518326470490	mozrunner::runner	INFO	Running command: "/usr/bin/firefox" "-marionette" "-profile" "/tmp/rust_mozprofile.dpVhlKbU9uGt"
1518326471172	Marionette	INFO	Enabled via --marionette
1518326473256	Marionette	INFO	Listening on port 39506
1518326473301	Marionette	WARN	TLS certificate errors will be ignored for this session
[Child 4926, Chrome_ChildThread] WARNING: pipe error (18): Соединение разорвано другой стороной: file /build/firefox-GBiM4z/firefox-58.0.2+linuxmint1+sylvia/ipc/chromium/src/chrome/common/ipc_channel_posix.cc, line 353
[Child 4926, Chrome_ChildThread] WARNING: pipe error (34): Соединение разорвано другой стороной: file /build/firefox-GBiM4z/firefox-58.0.2+linuxmint1+sylvia/ipc/chromium/src/chrome/common/ipc_channel_posix.cc, line 353
[Child 4926, Chrome_ChildThread] WARNING: pipe error (3): Соединение разорвано другой стороной: file /build/firefox-GBiM4z/firefox-58.0.2+linuxmint1+sylvia/ipc/chromium/src/chrome/common/ipc_channel_posix.cc, line 353
1518326634419	geckodriver	INFO	geckodriver 0.19.1
1518326634421	geckodriver	INFO	Listening on 127.0.0.1:53986
1518326635529	mozrunner::runner	INFO	Running command: "/usr/bin/firefox" "-marionette" "-profile" "/tmp/rust_mozprofile.6pz0ru2Fmyev"
1518326636184	Marionette	INFO	Enabled via --marionette
1518326638259	Marionette	INFO	Listening on port 38758
1518326638338	Marionette	WARN	TLS certificate errors will be ignored for this session
1518326639706	addons.xpi	WARN	Exception running bootstrap method shutdown on activity-stream@mozilla.org: [Exception... "Component returned failure code: 0x80004005 (NS_ERROR_FAILURE) [nsIObserverService.removeObserver]"  nsresult: "0x80004005 (NS_ERROR_FAILURE)"  location: "JS frame :: resource://activity-stream/lib/SnippetsFeed.jsm :: uninit :: line 125"  data: no] Stack trace: uninit()@resource://activity-stream/lib/SnippetsFeed.jsm:125 < onAction()@resource://activity-stream/lib/SnippetsFeed.jsm:141 < _middleware/</<()@resource://activity-stream/lib/Store.jsm:51 < Store/this[method]()@resource://activity-stream/lib/Store.jsm:30 < uninit()@resource://activity-stream/lib/Store.jsm:153 < uninit()@resource://activity-stream/lib/ActivityStream.jsm:278 < uninit()@resource://gre/modules/addons/XPIProvider.jsm -> jar:file:///usr/lib/firefox/browser/features/activity-stream@mozilla.org.xpi!/bootstrap.js:80 < shutdown()@resource://gre/modules/addons/XPIProvider.jsm -> jar:file:///usr/lib/firefox/browser/features/activity-stream@mozilla.org.xpi!/bootstrap.js:196 < callBootstrapMethod()@resource://gre/modules/addons/XPIProvider.jsm:4406 < observe()@resource://gre/modules/addons/XPIProvider.jsm:2270 < GeckoDriver.prototype.quit()@driver.js:3381 < despatch()@server.js:560 < execute()@server.js:534 < onPacket/<()@server.js:509 < onPacket()@server.js:508 < _onJSONObjectReady/<()@transport.js:500
[Child 5195, Chrome_ChildThread] WARNING: pipe error (20): Соединение разорвано другой стороной: file /build/firefox-GBiM4z/firefox-58.0.2+linuxmint1+sylvia/ipc/chromium/src/chrome/common/ipc_channel_posix.cc, line 353
[Child 5195, Chrome_ChildThread] WARNING: pipe error (3): Соединение разорвано другой стороной: file /build/firefox-GBiM4z/firefox-58.0.2+linuxmint1+sylvia/ipc/chromium/src/chrome/common/ipc_channel_posix.cc, line 353
1518327346621	geckodriver	INFO	geckodriver 0.19.1
1518327346623	geckodriver	INFO	Listening on 127.0.0.1:57799
1518327347731	mozrunner::runner	INFO	Running command: "/usr/bin/firefox" "-marionette" "-profile" "/tmp/rust_mozprofile.TdmbImWutrFs"
1518327348400	Marionette	INFO	Enabled via --marionette
1518327350390	Marionette	INFO	Listening on port 44273
1518327350441	Marionette	WARN	TLS certificate errors will be ignored for this session
1518327554261	geckodriver	INFO	geckodriver 0.19.1
1518327554264	geckodriver	INFO	Listening on 127.0.0.1:44494
1518327555337	mozrunner::runner	INFO	Running command: "/usr/bin/firefox" "-marionette" "-profile" "/tmp/rust_mozprofile.lJgL9hPakq6Y"
1518327556043	Marionette	INFO	Enabled via --marionette
1518327558148	Marionette	INFO	Listening on port 35500
1518327558264	Marionette	WARN	TLS certificate errors will be ignored for this session
1518327674057	geckodriver	INFO	geckodriver 0.19.1
1518327674060	geckodriver	INFO	Listening on 127.0.0.1:49284
1518327675158	mozrunner::runner	INFO	Running command: "/usr/bin/firefox" "-marionette" "-profile" "/tmp/rust_mozprofile.RmJHPX6oRgRL"
1518327675919	Marionette	INFO	Enabled via --marionette
1518327678003	Marionette	INFO	Listening on port 41775
1518327678080	Marionette	WARN	TLS certificate errors will be ignored for this session
1518327858061	geckodriver	INFO	geckodriver 0.19.1
1518327858063	geckodriver	INFO	Listening on 127.0.0.1:37230
1518327859159	mozrunner::runner	INFO	Running command: "/usr/bin/firefox" "-marionette" "-profile" "/tmp/rust_mozprofile.oFY9hKelgNAt"
1518327859830	Marionette	INFO	Enabled via --marionette
1518327861834	Marionette	INFO	Listening on port 44119
1518327861872	Marionette	WARN	TLS certificate errors will be ignored for this session
[GFX1-]: Receive IPC close with reason=AbnormalShutdown
[Child 6827, Chrome_ChildThread] WARNING: pipe error (3): Соединение разорвано другой стороной: file /build/firefox-GBiM4z/firefox-58.0.2+linuxmint1+sylvia/ipc/chromium/src/chrome/common/ipc_channel_posix.cc, line 353
1518327931431	geckodriver	INFO	geckodriver 0.19.1
1518327931433	geckodriver	INFO	Listening on 127.0.0.1:56415
1518327932530	mozrunner::runner	INFO	Running command: "/usr/bin/firefox" "-marionette" "-profile" "/tmp/rust_mozprofile.IjvsCBr2Z6S5"
1518327933191	Marionette	INFO	Enabled via --marionette
1518327935406	Marionette	INFO	Listening on port 35064
1518327935441	Marionette	WARN	TLS certificate errors will be ignored for this session
1518328034882	geckodriver	INFO	geckodriver 0.19.1
1518328034884	geckodriver	INFO	Listening on 127.0.0.1:55180
1518328035990	mozrunner::runner	INFO	Running command: "/usr/bin/firefox" "-marionette" "-profile" "/tmp/rust_mozprofile.VrpxqYq5UmZO"
1518328036642	Marionette	INFO	Enabled via --marionette
1518328038867	Marionette	INFO	Listening on port 38255
1518328038899	Marionette	WARN	TLS certificate errors will be ignored for this session
1518328480877	geckodriver	INFO	geckodriver 0.19.1
1518328480879	geckodriver	INFO	Listening on 127.0.0.1:48141
1518328481984	mozrunner::runner	INFO	Running command: "/usr/bin/firefox" "-marionette" "-profile" "/tmp/rust_mozprofile.kxkbf1eA9GbE"
1518328482631	Marionette	INFO	Enabled via --marionette
1518328484929	Marionette	INFO	Listening on port 46616
1518328484993	Marionette	WARN	TLS certificate errors will be ignored for this session
1518328584548	geckodriver	INFO	geckodriver 0.19.1
1518328584550	geckodriver	INFO	Listening on 127.0.0.1:54113
1518328585662	mozrunner::runner	INFO	Running command: "/usr/bin/firefox" "-marionette" "-profile" "/tmp/rust_mozprofile.VFL4KxJRfOad"
1518328586421	Marionette	INFO	Enabled via --marionette
1518328588521	Marionette	INFO	Listening on port 32813
1518328588573	Marionette	WARN	TLS certificate errors will be ignored for this session
[GFX1-]: Receive IPC close with reason=AbnormalShutdown
[Child 8054, Chrome_ChildThread] WARNING: pipe error (45): Соединение разорвано другой стороной: file /build/firefox-GBiM4z/firefox-58.0.2+linuxmint1+sylvia/ipc/chromium/src/chrome/common/ipc_channel_posix.cc, line 353
[Child 8111, Chrome_ChildThread] WARNING: pipe error (3): Соединение разорвано другой стороной: file /build/firefox-GBiM4z/firefox-58.0.2+linuxmint1+sylvia/ipc/chromium/src/chrome/common/ipc_channel_posix.cc, line 353
[Child 8054, Chrome_ChildThread] WARNING: pipe error (20): Соединение разорвано другой стороной: file /build/firefox-GBiM4z/firefox-58.0.2+linuxmint1+sylvia/ipc/chromium/src/chrome/common/ipc_channel_posix.cc, line 353
[Child 8054, Chrome_ChildThread] WARNING: pipe error (3): Соединение разорвано другой стороной: file /build/firefox-GBiM4z/firefox-58.0.2+linuxmint1+sylvia/ipc/chromium/src/chrome/common/ipc_channel_posix.cc, line 353
1518328667803	geckodriver	INFO	geckodriver 0.19.1
1518328667805	geckodriver	INFO	Listening on 127.0.0.1:34014
1518328668915	mozrunner::runner	INFO	Running command: "/usr/bin/firefox" "-marionette" "-profile" "/tmp/rust_mozprofile.HafKierZEiYF"
1518328669565	Marionette	INFO	Enabled via --marionette
1518328671656	Marionette	INFO	Listening on port 41753
1518328671725	Marionette	WARN	TLS certificate errors will be ignored for this session
[Child 8289, Chrome_ChildThread] WARNING: pipe error (45): Соединение разорвано другой стороной: file /build/firefox-GBiM4z/firefox-58.0.2+linuxmint1+sylvia/ipc/chromium/src/chrome/common/ipc_channel_posix.cc, line 353
[Child 8289, Chrome_ChildThread] WARNING: pipe error (18): Соединение разорвано другой стороной: file /build/firefox-GBiM4z/firefox-58.0.2+linuxmint1+sylvia/ipc/chromium/src/chrome/common/ipc_channel_posix.cc, line 353
[Child 8289, Chrome_ChildThread] WARNING: pipe error (3): Соединение разорвано другой стороной: file /build/firefox-GBiM4z/firefox-58.0.2+linuxmint1+sylvia/ipc/chromium/src/chrome/common/ipc_channel_posix.cc, line 353
1518328764514	geckodriver	INFO	geckodriver 0.19.1
1518328764516	geckodriver	INFO	Listening on 127.0.0.1:40377
1518328765598	mozrunner::runner	INFO	Running command: "/usr/bin/firefox" "-marionette" "-profile" "/tmp/rust_mozprofile.uQrDU0NIyDyv"
1518328766217	Marionette	INFO	Enabled via --marionette
1518328768313	Marionette	INFO	Listening on port 33580
1518328768406	Marionette	WARN	TLS certificate errors will be ignored for this session
[Child 8535, Chrome_ChildThread] WARNING: pipe error (45): Соединение разорвано другой стороной: file /build/firefox-GBiM4z/firefox-58.0.2+linuxmint1+sylvia/ipc/chromium/src/chrome/common/ipc_channel_posix.cc, line 353
[GFX1-]: Receive IPC close with reason=AbnormalShutdown
[Child 8592, Chrome_ChildThread] WARNING: pipe error (3): Соединение разорвано другой стороной: file /build/firefox-GBiM4z/firefox-58.0.2+linuxmint1+sylvia/ipc/chromium/src/chrome/common/ipc_channel_posix.cc, line 353
[Child 8535, Chrome_ChildThread] WARNING: pipe error (18): Соединение разорвано другой стороной: file /build/firefox-GBiM4z/firefox-58.0.2+linuxmint1+sylvia/ipc/chromium/src/chrome/common/ipc_channel_posix.cc, line 353
[Child 8535, Chrome_ChildThread] WARNING: pipe error (34): Соединение разорвано другой стороной: file /build/firefox-GBiM4z/firefox-58.0.2+linuxmint1+sylvia/ipc/chromium/src/chrome/common/ipc_channel_posix.cc, line 353
[Child 8535, Chrome_ChildThread] WARNING: pipe error (3): Соединение разорвано другой стороной: file /build/firefox-GBiM4z/firefox-58.0.2+linuxmint1+sylvia/ipc/chromium/src/chrome/common/ipc_channel_posix.cc, line 353
1518328835452	geckodriver	INFO	geckodriver 0.19.1
1518328835454	geckodriver	INFO	Listening on 127.0.0.1:45774
1518328836562	mozrunner::runner	INFO	Running command: "/usr/bin/firefox" "-marionette" "-profile" "/tmp/rust_mozprofile.GIRRg5Mu52Ud"
1518328837246	Marionette	INFO	Enabled via --marionette
1518328839328	Marionette	INFO	Listening on port 43824
1518328839371	Marionette	WARN	TLS certificate errors will be ignored for this session
console.warn: LoginRecipes: getRecipes: falling back to a synchronous message for: https://kolesa.kz
JavaScript error: resource://devtools/shared/base-loader.js -> resource://devtools/shared/webconsole/network-monitor.js, line 527: TypeError: this.sink is null
JavaScript error: resource://devtools/shared/base-loader.js -> resource://devtools/shared/webconsole/network-monitor.js, line 527: TypeError: this.sink is null
